21:00:15.266 INFO [GridLauncherV3.parse] - Selenium server version: 4.0.0-alpha-2, revision: f148142cf8
21:00:15.347 INFO [GridLauncherV3.lambda$buildLaunchers$3] - Launching a standalone Selenium Server on port 4444
21:00:15.565 INFO [WebDriverServlet.<init>] - Initialising WebDriverServlet
21:00:15.885 INFO [SeleniumServer.boot] - Selenium Server is up and running on port 4444
21:00:16.429 INFO [ActiveSessionFactory.apply] - Capabilities are: {
  "browserName": "chrome",
  "chromeOptions": {
    "args": [
      "--no-sandbox",
      "window-size=1920,1080"
    ],
    "w3c": false
  },
  "loggingPrefs": {
    "browser": "INFO",
    "driver": "INFO",
    "server": "OFF"
  },
  "name": "Homepage"
}
21:00:16.431 INFO [ActiveSessionFactory.lambda$apply$11] - Matched factory org.openqa.selenium.grid.session.remote.ServicedSession$Factory (provider: org.openqa.selenium.chrome.ChromeDriverService)
Starting ChromeDriver 79.0.3945.36 (3582db32b33893869b8c1339e8f4d9ed1816f143-refs/branch-heads/3945@{#614}) on port 26609
Only local connections are allowed.
Please protect ports used by ChromeDriver and related test frameworks to prevent access by malicious code.
[1579208417.479][WARNING]: Ignoring unrecognized log type: server
[1579208419.993][WARNING]: Timed out connecting to Chrome, retrying...
21:00:22.028 INFO [ProtocolHandshake.createSession] - Detected dialect: OSS
21:00:22.296 INFO [RemoteSession$Factory.lambda$performHandshake$0] - Started new session d2970ddeb658733e9e72c22111cf25c5 (org.openqa.selenium.chrome.ChromeDriverService)
21:00:25.227 INFO [ActiveSessions$1.onStop] - Removing session d2970ddeb658733e9e72c22111cf25c5 (org.openqa.selenium.chrome.ChromeDriverService)
21:00:25.265 INFO [ActiveSessionFactory.apply] - Capabilities are: {
  "browserName": "chrome",
  "chromeOptions": {
    "args": [
      "--no-sandbox",
      "window-size=1920,1080"
    ],
    "w3c": false
  },
  "loggingPrefs": {
    "browser": "INFO",
    "driver": "INFO",
    "server": "OFF"
  },
  "name": "Homepage"
}
21:00:25.265 INFO [ActiveSessionFactory.lambda$apply$11] - Matched factory org.openqa.selenium.grid.session.remote.ServicedSession$Factory (provider: org.openqa.selenium.chrome.ChromeDriverService)
Starting ChromeDriver 79.0.3945.36 (3582db32b33893869b8c1339e8f4d9ed1816f143-refs/branch-heads/3945@{#614}) on port 26627
Only local connections are allowed.
Please protect ports used by ChromeDriver and related test frameworks to prevent access by malicious code.
[1579208425.817][WARNING]: Ignoring unrecognized log type: server
[1579208428.323][WARNING]: Timed out connecting to Chrome, retrying...
21:00:30.347 INFO [ProtocolHandshake.createSession] - Detected dialect: OSS
21:00:30.392 INFO [RemoteSession$Factory.lambda$performHandshake$0] - Started new session de7544143ef45f9e2479b3ceccd35152 (org.openqa.selenium.chrome.ChromeDriverService)
21:00:32.800 INFO [ActiveSessions$1.onStop] - Removing session de7544143ef45f9e2479b3ceccd35152 (org.openqa.selenium.chrome.ChromeDriverService)
